2025-03-11 00:16:11,623 - ERROR - Error running component: No module named 'schedule'
Traceback (most recent call last):
  File "/Users/avinashparthiban/arki-mvp/main.py", line 74, in main
    run_scheduler()
    ~~~~~~~~~~~~~^^
  File "/Users/avinashparthiban/arki-mvp/main.py", line 22, in run_scheduler
    from scheduler import PortfolioScheduler
  File "/Users/avinashparthiban/arki-mvp/scheduler.py", line 6, in <module>
    import schedule
ModuleNotFoundError: No module named 'schedule'
2025-03-11 00:19:46,982 - ERROR - Error running component: No module named 'portfolio_manager'
Traceback (most recent call last):
  File "/Users/avinashparthiban/arki-mvp/main.py", line 74, in main
    run_scheduler()
    ~~~~~~~~~~~~~^^
  File "/Users/avinashparthiban/arki-mvp/main.py", line 22, in run_scheduler
    from scheduler import PortfolioScheduler
  File "/Users/avinashparthiban/arki-mvp/scheduler.py", line 11, in <module>
    from portfolio_manager import PortfolioManager
ModuleNotFoundError: No module named 'portfolio_manager'
2025-03-11 00:21:07,126 - INFO - Starting Portfolio Scheduler
2025-03-11 00:21:07,126 - INFO - Loaded scheduler configuration from config/scheduler_config.json
2025-03-11 00:21:07,127 - INFO - Starting portfolio management scheduler
2025-03-11 00:21:07,127 - INFO - Scheduled cash management for Monday at 10:00
2025-03-11 00:21:07,127 - INFO - Scheduled cash management for Tuesday at 10:00
2025-03-11 00:21:07,127 - INFO - Scheduled cash management for Wednesday at 10:00
2025-03-11 00:21:07,127 - INFO - Scheduled cash management for Thursday at 10:00
2025-03-11 00:21:07,127 - INFO - Scheduled cash management for Friday at 10:00
2025-03-11 00:21:07,127 - INFO - Scheduled cash management for Monday at 14:00
2025-03-11 00:21:07,127 - INFO - Scheduled cash management for Tuesday at 14:00
2025-03-11 00:21:07,127 - INFO - Scheduled cash management for Wednesday at 14:00
2025-03-11 00:21:07,127 - INFO - Scheduled cash management for Thursday at 14:00
2025-03-11 00:21:07,127 - INFO - Scheduled cash management for Friday at 14:00
2025-03-11 00:21:07,127 - INFO - Scheduled portfolio rebalance for Monday at 10:30
2025-03-11 00:21:07,127 - INFO - Scheduled portfolio rebalance for Tuesday at 10:30
2025-03-11 00:21:07,127 - INFO - Scheduled portfolio rebalance for Wednesday at 10:30
2025-03-11 00:21:07,127 - INFO - Scheduled portfolio rebalance for Thursday at 10:30
2025-03-11 00:21:07,127 - INFO - Scheduled portfolio rebalance for Friday at 10:30
2025-03-11 00:21:07,127 - INFO - Scheduled portfolio rebalance for Monday at 14:30
2025-03-11 00:21:07,127 - INFO - Scheduled portfolio rebalance for Tuesday at 14:30
2025-03-11 00:21:07,127 - INFO - Scheduled portfolio rebalance for Wednesday at 14:30
2025-03-11 00:21:07,127 - INFO - Scheduled portfolio rebalance for Thursday at 14:30
2025-03-11 00:21:07,127 - INFO - Scheduled portfolio rebalance for Friday at 14:30
